<?xml version="1.0" encoding="UTF-8"?>
<!-- Generated by org.testng.reporters.JUnitReportReporter -->
<testsuite hostname="LAPTOP-PFU2IK8T" failures="0" tests="4" name="AutomationTest.InstructorVideoTestcase" time="25.736" errors="0" timestamp="2024-09-06T13:38:02 EDT" skipped="0">
  <testcase classname="AutomationTest.InstructorVideoTestcase" name="videoCourse_Instructor" time="11.427"/>
  <testcase classname="AutomationTest.InstructorVideoTestcase" name="videocoursePrerequisitesInstructor" time="9.208"/>
  <testcase classname="AutomationTest.InstructorVideoTestcase" name="videoCourseLessonInstructor" time="4.394"/>
  <testcase classname="AutomationTest.InstructorVideoTestcase" name="videoCourseOutputDisplay" time="0.707"/>
</testsuite> <!-- AutomationTest.InstructorVideoTestcase -->
