<?xml version="1.0" encoding="UTF-8"?>
<!-- Generated by org.testng.reporters.JUnitReportReporter -->
<testsuite hostname="LAPTOP-PFU2IK8T" failures="0" tests="12" name="AutomationTest.FooterTestCases" time="18.315" errors="0" timestamp="2024-09-09T11:17:38 EDT" skipped="0">
  <testcase classname="AutomationTest.FooterTestCases" name="aboutUsLink" time="0.970"/>
  <testcase classname="AutomationTest.FooterTestCases" name="validateNewsLink" time="0.310"/>
  <testcase classname="AutomationTest.FooterTestCases" name="validateCareersLink" time="1.108"/>
  <testcase classname="AutomationTest.FooterTestCases" name="contactUslink" time="1.825"/>
  <testcase classname="AutomationTest.FooterTestCases" name="blogsLink" time="3.646"/>
  <testcase classname="AutomationTest.FooterTestCases" name="freeWebinarsLink" time="0.630"/>
  <testcase classname="AutomationTest.FooterTestCases" name="helpCenterLink" time="2.422"/>
  <testcase classname="AutomationTest.FooterTestCases" name="PrivacyPolicyLink" time="0.696"/>
  <testcase classname="AutomationTest.FooterTestCases" name="TermsConditionsLink" time="1.237"/>
  <testcase classname="AutomationTest.FooterTestCases" name="signUpLink" time="1.656"/>
  <testcase classname="AutomationTest.FooterTestCases" name="BecomeInstructorLink" time="1.533"/>
  <testcase classname="AutomationTest.FooterTestCases" name="InfyniForBusinessLink" time="2.282"/>
</testsuite> <!-- AutomationTest.FooterTestCases -->
