<?xml version="1.0" encoding="UTF-8"?>
<!-- Generated by org.testng.reporters.JUnitReportReporter -->
<testsuite hostname="LAPTOP-PFU2IK8T" failures="0" tests="7" name="AutomationTest.HomePageIconTestcases" time="2.348" errors="0" timestamp="2024-09-09T11:17:38 EDT" skipped="0">
  <testcase classname="AutomationTest.HomePageIconTestcases" name="VerfifyBurgerICon" time="1.264"/>
  <testcase classname="AutomationTest.HomePageIconTestcases" name="verifyInfyniLogo" time="0.053"/>
  <testcase classname="AutomationTest.HomePageIconTestcases" name="VerifyContactUS" time="0.663"/>
  <testcase classname="AutomationTest.HomePageIconTestcases" name="VerifyForInstructor" time="0.208"/>
  <testcase classname="AutomationTest.HomePageIconTestcases" name="Verifycart" time="0.086"/>
  <testcase classname="AutomationTest.HomePageIconTestcases" name="VerifyLoginButton" time="0.031"/>
  <testcase classname="AutomationTest.HomePageIconTestcases" name="VerifySigninButton" time="0.043"/>
</testsuite> <!-- AutomationTest.HomePageIconTestcases -->
