<?xml version="1.0" encoding="UTF-8"?>
<!-- Generated by org.testng.reporters.JUnitReportReporter -->
<testsuite hostname="LAPTOP-PFU2IK8T" failures="0" tests="5" name="AutomationTest.InstructorDashBoardPageTestCases" time="34.544" errors="0" timestamp="2024-09-09T11:17:38 EDT" skipped="0">
  <testcase classname="AutomationTest.InstructorDashBoardPageTestCases" name="createNewLiveCourse_Details_Instructor" time="19.490"/>
  <testcase classname="AutomationTest.InstructorDashBoardPageTestCases" name="createNewLiveCourse_Prerequisites_Instructor" time="5.032"/>
  <testcase classname="AutomationTest.InstructorDashBoardPageTestCases" name="createNewLiveCourse_WhatYouWillLearn_Instructor" time="3.627"/>
  <testcase classname="AutomationTest.InstructorDashBoardPageTestCases" name="createNewLiveCourse_Topics_Instructor" time="2.413"/>
  <testcase classname="AutomationTest.InstructorDashBoardPageTestCases" name="createNewLiveCourse_Sessions_SelectAllDay" time="3.982"/>
</testsuite> <!-- AutomationTest.InstructorDashBoardPageTestCases -->
