<?xml version="1.0" encoding="UTF-8"?>
<!-- Generated by org.testng.reporters.JUnitReportReporter -->
<testsuite hostname="LAPTOP-PFU2IK8T" failures="0" tests="1" name="AutomationTest.StudentLogoutTestCases" time="1.431" errors="0" timestamp="2024-09-09T11:17:38 EDT" skipped="0">
  <testcase classname="AutomationTest.StudentLogoutTestCases" name="logoutAsStudent" time="1.431"/>
</testsuite> <!-- AutomationTest.StudentLogoutTestCases -->
