<?xml version="1.0" encoding="UTF-8"?>
<!-- Generated by org.testng.reporters.JUnitReportReporter -->
<testsuite hostname="LAPTOP-PFU2IK8T" failures="0" tests="7" name="AutomationTest.HomepageCoursesLinksTestCases" time="12.536" errors="0" timestamp="2024-09-09T11:17:38 EDT" skipped="0">
  <testcase classname="AutomationTest.HomepageCoursesLinksTestCases" name="TrendingCourse" time="2.167"/>
  <testcase classname="AutomationTest.HomepageCoursesLinksTestCases" name="mostPopularCourse" time="1.395"/>
  <testcase classname="AutomationTest.HomepageCoursesLinksTestCases" name="MostRecentCourse" time="1.322"/>
  <testcase classname="AutomationTest.HomepageCoursesLinksTestCases" name="professionalCourse" time="1.765"/>
  <testcase classname="AutomationTest.HomepageCoursesLinksTestCases" name="kidsCourse" time="1.750"/>
  <testcase classname="AutomationTest.HomepageCoursesLinksTestCases" name="liveCourses" time="3.082"/>
  <testcase classname="AutomationTest.HomepageCoursesLinksTestCases" name="VideoCourses" time="1.055"/>
</testsuite> <!-- AutomationTest.HomepageCoursesLinksTestCases -->
