<?xml version="1.0" encoding="UTF-8"?>
<!-- Generated by org.testng.reporters.JUnitReportReporter -->
<testsuite hostname="LAPTOP-PFU2IK8T" failures="0" tests="1" name="AutomationTest.InstructorLogoutTestCases" time="0.337" errors="0" timestamp="2024-09-09T11:17:38 EDT" skipped="0">
  <testcase classname="AutomationTest.InstructorLogoutTestCases" name="logoutAsInstructor" time="0.337"/>
</testsuite> <!-- AutomationTest.InstructorLogoutTestCases -->
