<?xml version="1.0" encoding="UTF-8"?>
<!-- Generated by org.testng.reporters.JUnitReportReporter -->
<testsuite hostname="LAPTOP-PFU2IK8T" failures="0" tests="4" name="AutomationTest.InstructorVideoTestcases" time="33.810" errors="0" timestamp="2024-09-09T11:17:38 EDT" skipped="0">
  <testcase classname="AutomationTest.InstructorVideoTestcases" name="videoCourse_Instructor" time="13.759"/>
  <testcase classname="AutomationTest.InstructorVideoTestcases" name="videocoursePrerequisitesInstructor" time="12.869"/>
  <testcase classname="AutomationTest.InstructorVideoTestcases" name="videoCourseLessonInstructor" time="5.116"/>
  <testcase classname="AutomationTest.InstructorVideoTestcases" name="videoCourseOutputDisplay" time="2.066"/>
</testsuite> <!-- AutomationTest.InstructorVideoTestcases -->
