<?xml version="1.0" encoding="UTF-8"?>
<!-- Generated by org.testng.reporters.JUnitReportReporter -->
<testsuite hostname="LAPTOP-PFU2IK8T" failures="0" tests="2" name="AutomationTest.StudentDashboardPageTestCases" time="14.194" errors="0" timestamp="2024-09-09T11:17:38 EDT" skipped="0">
  <testcase classname="AutomationTest.StudentDashboardPageTestCases" name="searchCourseToEnroll" time="4.380"/>
  <testcase classname="AutomationTest.StudentDashboardPageTestCases" name="enrollCourse" time="9.814"/>
</testsuite> <!-- AutomationTest.StudentDashboardPageTestCases -->
