<?xml version="1.0" encoding="UTF-8"?>
<!-- Generated by org.testng.reporters.JUnitReportReporter -->
<testsuite hostname="LAPTOP-PFU2IK8T" failures="0" tests="1" name="AutomationTest.InstructorLoginTestCases" time="4.147" errors="0" timestamp="2024-09-09T11:17:38 EDT" skipped="0">
  <testcase classname="AutomationTest.InstructorLoginTestCases" name="loginAsInstructor" time="4.147"/>
</testsuite> <!-- AutomationTest.InstructorLoginTestCases -->
