<?xml version="1.0" encoding="UTF-8"?>
<!-- Generated by org.testng.reporters.JUnitReportReporter -->
<testsuite hostname="LAPTOP-PFU2IK8T" failures="0" tests="2" name="AutomationTest.StudentLoginPageTestCases" time="7.915" errors="0" timestamp="2024-09-09T11:17:38 EDT" skipped="0">
  <testcase classname="AutomationTest.StudentLoginPageTestCases" name="loginAsStudent" time="4.658"/>
  <testcase classname="AutomationTest.StudentLoginPageTestCases" name="verifyDashboardTextPresence" time="3.257"/>
</testsuite> <!-- AutomationTest.StudentLoginPageTestCases -->
